ERROR 2015-04-03 23:09:59 unity <unknown>:0 atk_object_ref_state_set: assertion 'ATK_IS_OBJECT (accessible)' failed
ERROR 2015-04-03 23:09:59 unity <unknown>:0 atk_state_set_contains_state: assertion 'ATK_IS_STATE_SET (set)' failed
ERROR 2015-04-03 23:09:59 unityy <unknown>:0 g_object_unref: assertion 'G_IS_OBJECT (object)' failed

(process:2496): GLib-CRITICAL **: g_slice_set_config: assertion 'sys_page_size == 0' failed

(gnome-terminal:2604): GLib-GIO-CRITICAL **: g_settings_get: the format string may not contain '&' (key 'monospace-font-name' from schema 'org.gnome.desktop.interface'). This call will probably stop working with a future version of glib.
Nautilus-Share-Message: Called "net usershare info" but it failed: 'net usershare' returned error 255: net usershare: cannot open usershare directory /var/lib/samba/usershares. Error No such file or directory
Please ask your system administrator to enable user sharing.

ERROR 2015-04-03 23:18:41 unity <unknown>:0 atk_object_ref_state_set: assertion 'ATK_IS_OBJECT (accessible)' failed
ERROR 2015-04-03 23:18:41 unity <unknown>:0 atk_state_set_contains_state: assertion 'ATK_IS_STATE_SET (set)' failed
ERROR 2015-04-03 23:18:41 unityy <unknown>:0 g_object_unref: assertion 'G_IS_OBJECT (object)' failed
ERROR 2015-04-03 23:38:48 unity <unknown>:0 atk_object_ref_state_set: assertion 'ATK_IS_OBJECT (accessible)' failed
ERROR 2015-04-03 23:38:48 unity <unknown>:0 atk_state_set_contains_state: assertion 'ATK_IS_STATE_SET (set)' failed
ERROR 2015-04-03 23:38:48 unityy <unknown>:0 g_object_unref: assertion 'G_IS_OBJECT (object)' failed
2015-04-03 23:54:45,181 - softwarecenter.ui.gtk3.app - INFO - setting up proxy 'None'
2015-04-03 23:54:46,374 - softwarecenter.region - WARNING - failed to use geoclue: 'org.freedesktop.Geoclue.Error.notAvailable: Geoclue master client has no usable Address providers'
2015-04-03 23:54:46,892 - softwarecenter.backend.reviews - WARNING - Could not get usefulness from server, no username in config file
2015-04-03 23:54:46,911 - softwarecenter.plugin - INFO - activating plugin '<module 'webapps_activation' from '/usr/share/software-center/softwarecenter/plugins/webapps_activation.pyc'>'
2015-04-03 23:54:46,959 - softwarecenter.fixme - WARNING - logs to the root logger: '('/usr/lib/python2.7/dist-packages/gi/importer.py', 51, 'find_module')'
2015-04-03 23:54:46,959 - root - ERROR - Could not find any typelib for LaunchpadIntegration
2015-04-03 23:54:47,066 - softwarecenter.db.pkginfo_impl.aptcache - INFO - aptcache.open()
2015-04-03 23:54:52,344 - softwarecenter.backend.reviews - WARNING - error creating bsddb: '(22, 'Invalid argument -- BDB0054 illegal flag combination specified to DB_ENV->open')' (corrupted?)
2015-04-03 23:54:52,345 - softwarecenter.backend.reviews - ERROR - trying to repair DB failed
Traceback (most recent call last):
  File "/usr/share/software-center/softwarecenter/backend/reviews/__init__.py", line 358, in _save_review_stats_cache_blocking
    self._dump_bsddbm_for_unity(outfile, outdir)
  File "/usr/share/software-center/softwarecenter/backend/reviews/__init__.py", line 377, in _dump_bsddbm_for_unity
    0600)
DBInvalidArgError: (22, 'Invalid argument -- BDB0054 illegal flag combination specified to DB_ENV->open')
2015-04-03 23:54:52,415 - softwarecenter.ui.gtk3.views.lobbyview - WARNING - skipping exhibit for: 'u'leadwerks\r\nleadwerks-indie'' not available
/usr/bin/software-center:184: Warning: Source ID 76 was not found when attempting to remove it
  Gtk.main()
/usr/bin/software-center:184: Warning: Source ID 154 was not found when attempting to remove it
  Gtk.main()
/usr/share/software-center/softwarecenter/ui/gtk3/widgets/exhibits.py:404: Warning: Source ID 207 was not found when attempting to remove it
  GLib.source_remove(self._timeout)
/usr/share/software-center/softwarecenter/ui/gtk3/widgets/exhibits.py:404: Warning: Source ID 364 was not found when attempting to remove it
  GLib.source_remove(self._timeout)
/usr/share/software-center/softwarecenter/ui/gtk3/widgets/exhibits.py:404: Warning: Source ID 399 was not found when attempting to remove it
  GLib.source_remove(self._timeout)
/usr/share/software-center/softwarecenter/ui/gtk3/widgets/searchentry.py:137: Warning: Source ID 534 was not found when attempting to remove it
  GLib.source_remove(self._timeout_id)
/usr/share/software-center/softwarecenter/ui/gtk3/widgets/exhibits.py:404: Warning: Source ID 429 was not found when attempting to remove it
  GLib.source_remove(self._timeout)
ERROR 2015-04-03 23:55:37 unity <unknown>:0 bamf_application_load_data_from_file: assertion 'G_IS_DESKTOP_APP_INFO (desktop_info)' failed
/usr/share/software-center/softwarecenter/backend/installbackend_impl/aptd.py:764: Warning: Source ID 6263 was not found when attempting to remove it
  GLib.source_remove(self._progress_signal)
/usr/share/software-center/softwarecenter/backend/installbackend_impl/aptd.py:764: Warning: Source ID 7150 was not found when attempting to remove it
  GLib.source_remove(self._progress_signal)
/usr/lib/python2.7/dist-packages/gi/overrides/GLib.py:535: Warning: Source ID 20 was not found when attempting to remove it
  return super(MainContext, self).iteration(may_block)
/usr/share/software-center/softwarecenter/ui/gtk3/widgets/exhibits.py:404: Warning: Source ID 9948 was not found when attempting to remove it
  GLib.source_remove(self._timeout)
2015-04-03 23:56:00,639 - softwarecenter.db.utils - INFO - software-center-agent finished with status 0
/usr/share/software-center/softwarecenter/ui/gtk3/widgets/exhibits.py:404: Warning: Source ID 13439 was not found when attempting to remove it
  GLib.source_remove(self._timeout)
/usr/share/software-center/softwarecenter/ui/gtk3/widgets/exhibits.py:404: Warning: Source ID 17371 was not found when attempting to remove it
  GLib.source_remove(self._timeout)
/usr/share/software-center/softwarecenter/ui/gtk3/widgets/exhibits.py:404: Warning: Source ID 18305 was not found when attempting to remove it
  GLib.source_remove(self._timeout)
/usr/share/software-center/softwarecenter/ui/gtk3/widgets/exhibits.py:404: Warning: Source ID 18998 was not found when attempting to remove it
  GLib.source_remove(self._timeout)
/usr/share/software-center/softwarecenter/ui/gtk3/widgets/exhibits.py:404: Warning: Source ID 19409 was not found when attempting to remove it
  GLib.source_remove(self._timeout)
/usr/share/software-center/softwarecenter/ui/gtk3/widgets/exhibits.py:404: Warning: Source ID 19616 was not found when attempting to remove it
  GLib.source_remove(self._timeout)
/usr/share/software-center/softwarecenter/ui/gtk3/widgets/exhibits.py:404: Warning: Source ID 19859 was not found when attempting to remove it
  GLib.source_remove(self._timeout)
/usr/share/software-center/softwarecenter/ui/gtk3/widgets/exhibits.py:404: Warning: Source ID 20065 was not found when attempting to remove it
  GLib.source_remove(self._timeout)
/usr/share/software-center/softwarecenter/ui/gtk3/widgets/exhibits.py:404: Warning: Source ID 20271 was not found when attempting to remove it
  GLib.source_remove(self._timeout)

(process:4252): GLib-CRITICAL **: g_slice_set_config: assertion 'sys_page_size == 0' failed
debconf: DbDriver "passwords" warning: could not open /var/cache/debconf/passwords.dat: Permission denied
debconf: unable to initialize frontend: Gnome
debconf: (Can't locate Gtk2.pm in @INC (you may need to install the Gtk2 module) (@INC contains: /etc/perl /usr/local/lib/perl/5.18.2 /usr/local/share/perl/5.18.2 /usr/lib/perl5 /usr/share/perl5 /usr/lib/perl/5.18 /usr/share/perl/5.18 /usr/local/lib/site_perl .) at /usr/share/perl5/Debconf/FrontEnd/Gnome.pm line 91.)
debconf: falling back to frontend: Dialog
debconf: unable to initialize frontend: Dialog
debconf: (TERM is not set, so the dialog frontend is not usable.)
debconf: falling back to frontend: Readline
debconf: unable to initialize frontend: Readline
debconf: (This frontend requires a controlling tty.)
debconf: falling back to frontend: Teletype
debconf: DbDriver "passwords" warning: could not open /var/cache/debconf/passwords.dat: Permission denied
debconf: unable to initialize frontend: Gnome
debconf: (Can't locate Gtk2.pm in @INC (you may need to install the Gtk2 module) (@INC contains: /etc/perl /usr/local/lib/perl/5.18.2 /usr/local/share/perl/5.18.2 /usr/lib/perl5 /usr/share/perl5 /usr/lib/perl/5.18 /usr/share/perl/5.18 /usr/local/lib/site_perl .) at /usr/share/perl5/Debconf/FrontEnd/Gnome.pm line 91.)
debconf: falling back to frontend: Dialog
debconf: unable to initialize frontend: Dialog
debconf: (TERM is not set, so the dialog frontend is not usable.)
debconf: falling back to frontend: Readline
debconf: unable to initialize frontend: Readline
debconf: (This frontend requires a controlling tty.)
debconf: falling back to frontend: Teletype
debconf: DbDriver "passwords" warning: could not open /var/cache/debconf/passwords.dat: Permission denied
debconf: unable to initialize frontend: Gnome
debconf: (Can't locate Gtk2.pm in @INC (you may need to install the Gtk2 module) (@INC contains: /etc/perl /usr/local/lib/perl/5.18.2 /usr/local/share/perl/5.18.2 /usr/lib/perl5 /usr/share/perl5 /usr/lib/perl/5.18 /usr/share/perl/5.18 /usr/local/lib/site_perl .) at /usr/share/perl5/Debconf/FrontEnd/Gnome.pm line 91.)
debconf: falling back to frontend: Dialog
debconf: unable to initialize frontend: Dialog
debconf: (TERM is not set, so the dialog frontend is not usable.)
debconf: falling back to frontend: Readline
debconf: unable to initialize frontend: Readline
debconf: (This frontend requires a controlling tty.)
debconf: falling back to frontend: Teletype
debconf: DbDriver "passwords" warning: could not open /var/cache/debconf/passwords.dat: Permission denied
debconf: unable to initialize frontend: Gnome
debconf: (Can't locate Gtk2.pm in @INC (you may need to install the Gtk2 module) (@INC contains: /etc/perl /usr/local/lib/perl/5.18.2 /usr/local/share/perl/5.18.2 /usr/lib/perl5 /usr/share/perl5 /usr/lib/perl/5.18 /usr/share/perl/5.18 /usr/local/lib/site_perl .) at /usr/share/perl5/Debconf/FrontEnd/Gnome.pm line 91.)
debconf: falling back to frontend: Dialog
debconf: unable to initialize frontend: Dialog
debconf: (TERM is not set, so the dialog frontend is not usable.)
debconf: falling back to frontend: Readline
debconf: unable to initialize frontend: Readline
debconf: (This frontend requires a controlling tty.)
debconf: falling back to frontend: Teletype
/usr/share/software-center/softwarecenter/backend/installbackend_impl/aptd.py:764: Warning: Source ID 7154 was not found when attempting to remove it
  GLib.source_remove(self._progress_signal)
/usr/share/software-center/softwarecenter/ui/gtk3/models/pendingstore.py:64: Warning: Source ID 7233 was not found when attempting to remove it
  GLib.source_remove(sig)
/usr/share/software-center/softwarecenter/ui/gtk3/models/pendingstore.py:64: Warning: Source ID 7234 was not found when attempting to remove it
  GLib.source_remove(sig)
/usr/share/software-center/softwarecenter/ui/gtk3/models/pendingstore.py:64: Warning: Source ID 7236 was not found when attempting to remove it
  GLib.source_remove(sig)
/usr/share/software-center/softwarecenter/ui/gtk3/models/pendingstore.py:64: Warning: Source ID 7237 was not found when attempting to remove it
  GLib.source_remove(sig)
2015-04-04 00:09:18,370 - softwarecenter.db.pkginfo_impl.aptcache - INFO - aptcache.open()
2015-04-04 00:09:28,412 - softwarecenter.db.pkginfo_impl.aptcache - INFO - aptcache.open()
